<?xml version="1.0" encoding="UTF-8"?>
<testng-results ignored="0" total="4" passed="3" failed="1" skipped="0">
  <reporter-output>
  </reporter-output>
  <suite started-at="2024-07-11T07:34:51 IST" name="Regressionrun" finished-at="2024-07-11T07:35:25 IST" duration-ms="33562">
    <groups>
      <group name="smoke">
        <method signature="HomePageTest.verifyDashBoardCardsCategory()[pri:0, instance:com.sevenrmatrtsupermarket.tests.HomePageTest@59662a0b]" name="verifyDashBoardCardsCategory" class="com.sevenrmatrtsupermarket.tests.HomePageTest"/>
        <method signature="LoginTest.dataRead()[pri:0, instance:com.sevenrmatrtsupermarket.tests.LoginTest@6150c3ec]" name="dataRead" class="com.sevenrmatrtsupermarket.tests.LoginTest"/>
        <method signature="LoginTest.verifyLogin()[pri:0, instance:com.sevenrmatrtsupermarket.tests.LoginTest@6150c3ec]" name="verifyLogin" class="com.sevenrmatrtsupermarket.tests.LoginTest"/>
      </group> <!-- smoke -->
      <group name="sanity">
        <method signature="HomePageTest.verifyDasBoardCardsClickable()[pri:0, instance:com.sevenrmatrtsupermarket.tests.HomePageTest@59662a0b]" name="verifyDasBoardCardsClickable" class="com.sevenrmatrtsupermarket.tests.HomePageTest"/>
        <method signature="LoginTest.verifyLogin()[pri:0, instance:com.sevenrmatrtsupermarket.tests.LoginTest@6150c3ec]" name="verifyLogin" class="com.sevenrmatrtsupermarket.tests.LoginTest"/>
      </group> <!-- sanity -->
    </groups>
    <test started-at="2024-07-11T07:34:51 IST" name="hometest" finished-at="2024-07-11T07:35:17 IST" duration-ms="26128">
      <class name="com.sevenrmatrtsupermarket.tests.HomePageTest">
        <test-method is-config="true" signature="launchBrowser()[pri:0, instance:com.sevenrmatrtsupermarket.tests.HomePageTest@59662a0b]" started-at="2024-07-11T07:34:51 IST" name="launchBrowser" finished-at="2024-07-11T07:35:03 IST" duration-ms="12126" status="PASS">
          <reporter-output>
          </reporter-output>
        </test-method> <!-- launchBrowser -->
        <test-method signature="verifyDasBoardCardsClickable()[pri:0, instance:com.sevenrmatrtsupermarket.tests.HomePageTest@59662a0b]" started-at="2024-07-11T07:35:03 IST" name="verifyDasBoardCardsClickable" finished-at="2024-07-11T07:35:09 IST" duration-ms="5904" status="PASS">
          <reporter-output>
          </reporter-output>
        </test-method> <!-- verifyDasBoardCardsClickable -->
        <test-method is-config="true" signature="terminateBrowser(org.testng.ITestResult)[pri:0, instance:com.sevenrmatrtsupermarket.tests.HomePageTest@59662a0b]" started-at="2024-07-11T07:35:09 IST" name="terminateBrowser" finished-at="2024-07-11T07:35:10 IST" duration-ms="1031" status="PASS">
          <params>
            <param index="0">
              <value>
                <![CDATA[[TestResult name=verifyDasBoardCardsClickable status=SUCCESS method=HomePageTest.verifyDasBoardCardsClickable()[pri:0, instance:com.sevenrmatrtsupermarket.tests.HomePageTest@59662a0b] output={null}]]]>
              </value>
            </param>
          </params>
          <reporter-output>
          </reporter-output>
        </test-method> <!-- terminateBrowser -->
        <test-method is-config="true" signature="launchBrowser()[pri:0, instance:com.sevenrmatrtsupermarket.tests.HomePageTest@59662a0b]" started-at="2024-07-11T07:35:10 IST" name="launchBrowser" finished-at="2024-07-11T07:35:15 IST" duration-ms="4559" status="PASS">
          <reporter-output>
          </reporter-output>
        </test-method> <!-- launchBrowser -->
        <test-method signature="verifyDashBoardCardsCategory()[pri:0, instance:com.sevenrmatrtsupermarket.tests.HomePageTest@59662a0b]" started-at="2024-07-11T07:35:15 IST" name="verifyDashBoardCardsCategory" finished-at="2024-07-11T07:35:17 IST" duration-ms="1949" status="PASS">
          <reporter-output>
          </reporter-output>
        </test-method> <!-- verifyDashBoardCardsCategory -->
        <test-method is-config="true" signature="terminateBrowser(org.testng.ITestResult)[pri:0, instance:com.sevenrmatrtsupermarket.tests.HomePageTest@59662a0b]" started-at="2024-07-11T07:35:17 IST" name="terminateBrowser" finished-at="2024-07-11T07:35:17 IST" duration-ms="408" status="PASS">
          <params>
            <param index="0">
              <value>
                <![CDATA[[TestResult name=verifyDashBoardCardsCategory status=SUCCESS method=HomePageTest.verifyDashBoardCardsCategory()[pri:0, instance:com.sevenrmatrtsupermarket.tests.HomePageTest@59662a0b] output={null}]]]>
              </value>
            </param>
          </params>
          <reporter-output>
          </reporter-output>
        </test-method> <!-- terminateBrowser -->
      </class> <!-- com.sevenrmatrtsupermarket.tests.HomePageTest -->
    </test> <!-- hometest -->
    <test started-at="2024-07-11T07:34:51 IST" name="logintest" finished-at="2024-07-11T07:35:25 IST" duration-ms="33562">
      <class name="com.sevenrmatrtsupermarket.tests.LoginTest">
        <test-method is-config="true" signature="launchBrowser()[pri:0, instance:com.sevenrmatrtsupermarket.tests.LoginTest@6150c3ec]" started-at="2024-07-11T07:34:51 IST" name="launchBrowser" finished-at="2024-07-11T07:35:03 IST" duration-ms="12127" status="PASS">
          <reporter-output>
          </reporter-output>
        </test-method> <!-- launchBrowser -->
        <test-method signature="dataRead()[pri:0, instance:com.sevenrmatrtsupermarket.tests.LoginTest@6150c3ec]" started-at="2024-07-11T07:35:03 IST" name="dataRead" finished-at="2024-07-11T07:35:05 IST" duration-ms="1808" status="PASS">
          <reporter-output>
          </reporter-output>
        </test-method> <!-- dataRead -->
        <test-method is-config="true" signature="terminateBrowser(org.testng.ITestResult)[pri:0, instance:com.sevenrmatrtsupermarket.tests.LoginTest@6150c3ec]" started-at="2024-07-11T07:35:05 IST" name="terminateBrowser" finished-at="2024-07-11T07:35:06 IST" duration-ms="767" status="PASS">
          <params>
            <param index="0">
              <value>
                <![CDATA[[TestResult name=dataRead status=SUCCESS method=LoginTest.dataRead()[pri:0, instance:com.sevenrmatrtsupermarket.tests.LoginTest@6150c3ec] output={null}]]]>
              </value>
            </param>
          </params>
          <reporter-output>
          </reporter-output>
        </test-method> <!-- terminateBrowser -->
        <test-method is-config="true" signature="launchBrowser()[pri:0, instance:com.sevenrmatrtsupermarket.tests.LoginTest@6150c3ec]" started-at="2024-07-11T07:35:06 IST" name="launchBrowser" finished-at="2024-07-11T07:35:11 IST" duration-ms="5314" status="PASS">
          <reporter-output>
          </reporter-output>
        </test-method> <!-- launchBrowser -->
        <test-method signature="verifyLogin()[pri:0, instance:com.sevenrmatrtsupermarket.tests.LoginTest@6150c3ec]" started-at="2024-07-11T07:35:11 IST" name="verifyLogin" finished-at="2024-07-11T07:35:23 IST" duration-ms="12121" status="FAIL">
          <exception class="org.openqa.selenium.NoSuchElementException">
            <message>
              <![CDATA[no such element: Unable to locate element: {"method":"xpath","selector":"//a[@class='d-block']"}
  (Session info: chrome=126.0.6478.127)
For documentation on this error, please visit: https://www.selenium.dev/documentation/webdriver/troubleshooting/errors#no-such-element-exception
Build info: version: '4.18.1', revision: 'b1d3319b48'
System info: os.name: 'Windows 11', os.arch: 'amd64', os.version: '10.0', java.version: '17.0.10'
Driver info: org.openqa.selenium.chrome.ChromeDriver
Command: [36ed2c44cee62b02c7775d189baf8d9c, findElement {value=//a[@class='d-block'], using=xpath}]
Capabilities {acceptInsecureCerts: false, browserName: chrome, browserVersion: 126.0.6478.127, chrome: {chromedriverVersion: 126.0.6478.126 (d36ace6122e..., userDataDir: C:\Users\LSN-US~1.DES\AppDa...}, fedcm:accounts: true, goog:chromeOptions: {debuggerAddress: localhost:55433}, networkConnectionEnabled: false, pageLoadStrategy: normal, platformName: windows, proxy: Proxy(), se:cdp: ws://localhost:55433/devtoo..., se:cdpVersion: 126.0.6478.127, setWindowRect: true, strictFileInteractability: false, timeouts: {implicit: 0, pageLoad: 300000, script: 30000}, unhandledPromptBehavior: dismiss and notify, webauthn:extension:credBlob: true, webauthn:extension:largeBlob: true, webauthn:extension:minPinLength: true, webauthn:extension:prf: true, webauthn:virtualAuthenticators: true}
Session ID: 36ed2c44cee62b02c7775d189baf8d9c]]>
            </message>
            <full-stacktrace>
              <![CDATA[org.openqa.selenium.NoSuchElementException: no such element: Unable to locate element: {"method":"xpath","selector":"//a[@class='d-block']"}
  (Session info: chrome=126.0.6478.127)
For documentation on this error, please visit: https://www.selenium.dev/documentation/webdriver/troubleshooting/errors#no-such-element-exception
Build info: version: '4.18.1', revision: 'b1d3319b48'
System info: os.name: 'Windows 11', os.arch: 'amd64', os.version: '10.0', java.version: '17.0.10'
Driver info: org.openqa.selenium.chrome.ChromeDriver
Command: [36ed2c44cee62b02c7775d189baf8d9c, findElement {value=//a[@class='d-block'], using=xpath}]
Capabilities {acceptInsecureCerts: false, browserName: chrome, browserVersion: 126.0.6478.127, chrome: {chromedriverVersion: 126.0.6478.126 (d36ace6122e..., userDataDir: C:\Users\LSN-US~1.DES\AppDa...}, fedcm:accounts: true, goog:chromeOptions: {debuggerAddress: localhost:55433}, networkConnectionEnabled: false, pageLoadStrategy: normal, platformName: windows, proxy: Proxy(), se:cdp: ws://localhost:55433/devtoo..., se:cdpVersion: 126.0.6478.127, setWindowRect: true, strictFileInteractability: false, timeouts: {implicit: 0, pageLoad: 300000, script: 30000}, unhandledPromptBehavior: dismiss and notify, webauthn:extension:credBlob: true, webauthn:extension:largeBlob: true, webauthn:extension:minPinLength: true, webauthn:extension:prf: true, webauthn:virtualAuthenticators: true}
Session ID: 36ed2c44cee62b02c7775d189baf8d9c
at java.base/jdk.internal.reflect.NativeConstructorAccessorImpl.newInstance0(Native Method)
at java.base/jdk.internal.reflect.NativeConstructorAccessorImpl.newInstance(NativeConstructorAccessorImpl.java:77)
at java.base/jdk.internal.reflect.DelegatingConstructorAccessorImpl.newInstance(DelegatingConstructorAccessorImpl.java:45)
at java.base/java.lang.reflect.Constructor.newInstanceWithCaller(Constructor.java:499)
at java.base/java.lang.reflect.Constructor.newInstance(Constructor.java:480)
at org.openqa.selenium.remote.ErrorCodec.decode(ErrorCodec.java:167)
at org.openqa.selenium.remote.codec.w3c.W3CHttpResponseCodec.decode(W3CHttpResponseCodec.java:138)
at org.openqa.selenium.remote.codec.w3c.W3CHttpResponseCodec.decode(W3CHttpResponseCodec.java:50)
at org.openqa.selenium.remote.HttpCommandExecutor.execute(HttpCommandExecutor.java:190)
at org.openqa.selenium.remote.service.DriverCommandExecutor.invokeExecute(DriverCommandExecutor.java:216)
at org.openqa.selenium.remote.service.DriverCommandExecutor.execute(DriverCommandExecutor.java:174)
at org.openqa.selenium.remote.RemoteWebDriver.execute(RemoteWebDriver.java:519)
at org.openqa.selenium.remote.ElementLocation$ElementFinder$2.findElement(ElementLocation.java:165)
at org.openqa.selenium.remote.ElementLocation.findElement(ElementLocation.java:59)
at org.openqa.selenium.remote.RemoteWebDriver.findElement(RemoteWebDriver.java:356)
at org.openqa.selenium.remote.RemoteWebDriver.findElement(RemoteWebDriver.java:350)
at org.openqa.selenium.support.pagefactory.DefaultElementLocator.findElement(DefaultElementLocator.java:68)
at org.openqa.selenium.support.pagefactory.internal.LocatingElementHandler.invoke(LocatingElementHandler.java:38)
at jdk.proxy2/jdk.proxy2.$Proxy10.getText(Unknown Source)
at com.sevenrmatrtsupermarket.pages.HomePage.getProfileName(HomePage.java:30)
at com.sevenrmatrtsupermarket.tests.LoginTest.verifyLogin(LoginTest.java:24)
at java.base/jdk.internal.reflect.NativeMethodAccessorImpl.invoke0(Native Method)
at java.base/jdk.internal.reflect.NativeMethodAccessorImpl.invoke(NativeMethodAccessorImpl.java:77)
at java.base/jdk.internal.reflect.DelegatingMethodAccessorImpl.invoke(DelegatingMethodAccessorImpl.java:43)
at java.base/java.lang.reflect.Method.invoke(Method.java:568)
at org.testng.internal.invokers.MethodInvocationHelper.invokeMethod(MethodInvocationHelper.java:141)
at org.testng.internal.invokers.TestInvoker.invokeMethod(TestInvoker.java:686)
at org.testng.internal.invokers.TestInvoker.invokeTestMethod(TestInvoker.java:230)
at org.testng.internal.invokers.MethodRunner.runInSequence(MethodRunner.java:63)
at org.testng.internal.invokers.TestInvoker$MethodInvocationAgent.invoke(TestInvoker.java:992)
at org.testng.internal.invokers.TestInvoker.invokeTestMethods(TestInvoker.java:203)
at org.testng.internal.invokers.TestMethodWorker.invokeTestMethods(TestMethodWorker.java:154)
at org.testng.internal.invokers.TestMethodWorker.run(TestMethodWorker.java:134)
at java.base/java.util.ArrayList.forEach(ArrayList.java:1511)
at org.testng.TestRunner.privateRun(TestRunner.java:739)
at org.testng.TestRunner.run(TestRunner.java:614)
at org.testng.SuiteRunner.runTest(SuiteRunner.java:421)
at org.testng.SuiteRunner$SuiteWorker.run(SuiteRunner.java:463)
at org.testng.internal.thread.ThreadUtil.lambda$execute$0(ThreadUtil.java:64)
at java.base/java.util.concurrent.FutureTask.run(FutureTask.java:264)
at java.base/java.util.concurrent.ThreadPoolExecutor.runWorker(ThreadPoolExecutor.java:1136)
at java.base/java.util.concurrent.ThreadPoolExecutor$Worker.run(ThreadPoolExecutor.java:635)
at java.base/java.lang.Thread.run(Thread.java:842)
]]>
            </full-stacktrace>
          </exception> <!-- org.openqa.selenium.NoSuchElementException -->
          <reporter-output>
          </reporter-output>
        </test-method> <!-- verifyLogin -->
        <test-method is-config="true" signature="terminateBrowser(org.testng.ITestResult)[pri:0, instance:com.sevenrmatrtsupermarket.tests.LoginTest@6150c3ec]" started-at="2024-07-11T07:35:23 IST" name="terminateBrowser" finished-at="2024-07-11T07:35:25 IST" duration-ms="1261" status="PASS">
          <params>
            <param index="0">
              <value>
                <![CDATA[[TestResult name=verifyLogin status=FAILURE method=LoginTest.verifyLogin()[pri:0, instance:com.sevenrmatrtsupermarket.tests.LoginTest@6150c3ec] output={null}]]]>
              </value>
            </param>
          </params>
          <reporter-output>
          </reporter-output>
        </test-method> <!-- terminateBrowser -->
      </class> <!-- com.sevenrmatrtsupermarket.tests.LoginTest -->
    </test> <!-- logintest -->
  </suite> <!-- Regressionrun -->
</testng-results>
